#
# There is insufficient memory for the Java Runtime Environment to continue.
# Native memory allocation (mmap) failed to map 134217728 bytes for Failed to commit area from 0x0000000081e00000 to 0x0000000089e00000 of length 134217728.
# Possible reasons:
#   The system is out of physical RAM or swap space
#   The process is running with CompressedOops enabled, and the Java Heap may be blocking the growth of the native heap
# Possible solutions:
#   Reduce memory load on the system
#   Increase physical memory or swap space
#   Check if swap backing store is full
#   Decrease Java heap size (-Xmx/-Xms)
#   Decrease number of Java threads
#   Decrease Java thread stack sizes (-Xss)
#   Set larger code cache with -XX:ReservedCodeCacheSize=
# This output file may be truncated or incomplete.
#
#  Out of Memory Error (./src/hotspot/os/windows/os_windows.cpp:3303), pid=17956, tid=15400
#
# JRE version:  (11.0.8+10) (build )
# Java VM: OpenJDK 64-Bit Server VM (11.0.8+10-b944.31, mixed mode, sharing, tiered, compressed oops, g1 gc, windows-amd64)
# No core dump will be written. Minidumps are not enabled by default on client versions of Windows
#

---------------  S U M M A R Y ------------

Command Line: org.jetbrains.git4idea.http.GitAskPassApp Username for 'https://github.com': 

Host: Intel(R) Core(TM) i5-8250U CPU @ 1.60GHz, 8 cores, 7G,  Windows 10 , 64 bit Build 19041 (10.0.19041.1566)
Time: Wed Apr 13 22:43:10 2022 RTZ 2 (зима) elapsed time: 0 seconds (0d 0h 0m 0s)

---------------  T H R E A D  ---------------

Current thread (0x0000025791ec0800):  JavaThread "Unknown thread" [_thread_in_vm, id=15400, stack(0x000000dbb1c00000,0x000000dbb1d00000)]

Stack: [0x000000dbb1c00000,0x000000dbb1d00000]
Native frames: (J=compiled Java code, j=interpreted, Vv=VM code, C=native code)
V  [jvm.dll+0x5de35a]
V  [jvm.dll+0x712355]
V  [jvm.dll+0x7138ad]
V  [jvm.dll+0x713f63]
V  [jvm.dll+0x23e628]
V  [jvm.dll+0x5db804]
V  [jvm.dll+0x5d0925]
V  [jvm.dll+0x2faf9b]
V  [jvm.dll+0x2faf0a]
V  [jvm.dll+0x2fade2]
V  [jvm.dll+0x2ffcb6]
V  [jvm.dll+0x3483a3]
V  [jvm.dll+0x348aa6]
V  [jvm.dll+0x3484a3]
V  [jvm.dll+0x2d5be8]
V  [jvm.dll+0x2d6d87]
V  [jvm.dll+0x6f10e7]
V  [jvm.dll+0x6f28dc]
V  [jvm.dll+0x3558f9]
V  [jvm.dll+0x6d492e]
V  [jvm.dll+0x3bdad3]
V  [jvm.dll+0x3bfd01]
C  [jli.dll+0x5373]
C  [ucrtbase.dll+0x21bb2]
C  [KERNEL32.DLL+0x17034]
C  [ntdll.dll+0x52651]


---------------  P R O C E S S  ---------------

Threads class SMR info:
_java_thread_list=0x000002578fc65580, length=0, elements={
}

Java Threads: ( => current thread )

Other Threads:
  0x0000025791ed9000 GCTaskThread "GC Thread#0" [stack: 0x000000dbb1d00000,0x000000dbb1e00000] [id=16956]
  0x0000025791f09000 ConcurrentGCThread "G1 Main Marker" [stack: 0x000000dbb1e00000,0x000000dbb1f00000] [id=19832]
  0x0000025791f0b800 ConcurrentGCThread "G1 Conc#0" [stack: 0x000000dbb1f00000,0x000000dbb2000000] [id=1248]

[error occurred during error reporting (printing all threads), id 0xc0000005, EXCEPTION_ACCESS_VIOLATION (0xc0000005) at pc=0x00007ffc75bc60c7]

VM state:not at safepoint (not fully initialized)

VM Mutex/Monitor currently owned by a thread:  ([mutex/lock_event])
[0x0000025791ebc280] Heap_lock - owner thread: 0x0000025791ec0800

Heap address: 0x0000000081e00000, size: 2018 MB, Compressed Oops mode: Non-zero based: 0x0000000081e00000
Narrow klass base: 0x0000000000000000, Narrow klass shift: 0

GC Heap History (0 events):
No events

Deoptimization events (0 events):
No events

Classes redefined (0 events):
No events

Internal exceptions (0 events):
No events

Events (1 events):
Event: 0.011 Loaded shared library C:\Program Files\JetBrains\IntelliJ IDEA 2020.2.2\jbr\bin\zip.dll


Dynamic libraries:
0x00007ff62cad0000 - 0x00007ff62cada000 	C:\Program Files\JetBrains\IntelliJ IDEA 2020.2.2\jbr\bin\java.exe
0x00007ffcca3d0000 - 0x00007ffcca5c5000 	C:\WINDOWS\SYSTEM32\ntdll.dll
0x00007ffcc8940000 - 0x00007ffcc89fe000 	C:\WINDOWS\System32\KERNEL32.DLL
0x00007ffcc8160000 - 0x00007ffcc8428000 	C:\WINDOWS\System32\KERNELBASE.dll
0x00007ffcc7ce0000 - 0x00007ffcc7de0000 	C:\WINDOWS\System32\ucrtbase.dll
0x00007ffca04c0000 - 0x00007ffca04d9000 	C:\Program Files\JetBrains\IntelliJ IDEA 2020.2.2\jbr\bin\jli.dll
0x00007ffcc86f0000 - 0x00007ffcc8890000 	C:\WINDOWS\System32\USER32.dll
0x00007ffc9f880000 - 0x00007ffc9f897000 	C:\Program Files\JetBrains\IntelliJ IDEA 2020.2.2\jbr\bin\VCRUNTIME140.dll
0x00007ffcaf920000 - 0x00007ffcafbba000 	C:\WINDOWS\WinSxS\amd64_microsoft.windows.common-controls_6595b64144ccf1df_6.0.19041.1110_none_60b5254171f9507e\COMCTL32.dll
0x00007ffcc7c00000 - 0x00007ffcc7c22000 	C:\WINDOWS\System32\win32u.dll
0x00007ffcc9080000 - 0x00007ffcc90ab000 	C:\WINDOWS\System32\GDI32.dll
0x00007ffcc9200000 - 0x00007ffcc929e000 	C:\WINDOWS\System32\msvcrt.dll
0x00007ffcc7e70000 - 0x00007ffcc7f7b000 	C:\WINDOWS\System32\gdi32full.dll
0x00007ffcc7b60000 - 0x00007ffcc7bfd000 	C:\WINDOWS\System32\msvcp_win.dll
0x00007ffcc8a00000 - 0x00007ffcc8a30000 	C:\WINDOWS\System32\IMM32.DLL
0x00007ffc751a0000 - 0x00007ffc7523d000 	C:\Program Files\JetBrains\IntelliJ IDEA 2020.2.2\jbr\bin\msvcp140.dll
0x00007ffc758e0000 - 0x00007ffc7639d000 	C:\Program Files\JetBrains\IntelliJ IDEA 2020.2.2\jbr\bin\server\jvm.dll
0x00007ffcc8890000 - 0x00007ffcc893e000 	C:\WINDOWS\System32\ADVAPI32.dll
0x00007ffcc8f70000 - 0x00007ffcc900c000 	C:\WINDOWS\System32\sechost.dll
0x00007ffcca200000 - 0x00007ffcca325000 	C:\WINDOWS\System32\RPCRT4.dll
0x00007ffcc9070000 - 0x00007ffcc9078000 	C:\WINDOWS\System32\PSAPI.DLL
0x00007ffcbdf20000 - 0x00007ffcbdf2a000 	C:\WINDOWS\SYSTEM32\VERSION.dll
0x00007ffcb09f0000 - 0x00007ffcb0a17000 	C:\WINDOWS\SYSTEM32\WINMM.dll
0x00007ffcafbc0000 - 0x00007ffcafbc9000 	C:\WINDOWS\SYSTEM32\WSOCK32.dll
0x00007ffcc92a0000 - 0x00007ffcc930b000 	C:\WINDOWS\System32\WS2_32.dll
0x00007ffcc63e0000 - 0x00007ffcc63f2000 	C:\WINDOWS\SYSTEM32\kernel.appcore.dll
0x00007ffcbffb0000 - 0x00007ffcbffc1000 	C:\Program Files\JetBrains\IntelliJ IDEA 2020.2.2\jbr\bin\verify.dll
0x00007ffcc28b0000 - 0x00007ffcc2a94000 	C:\WINDOWS\SYSTEM32\DBGHELP.DLL
0x00007ffcb2de0000 - 0x00007ffcb2e0c000 	C:\WINDOWS\SYSTEM32\dbgcore.DLL
0x00007ffcc7de0000 - 0x00007ffcc7e62000 	C:\WINDOWS\System32\bcryptPrimitives.dll
0x00007ffcb4550000 - 0x00007ffcb4579000 	C:\Program Files\JetBrains\IntelliJ IDEA 2020.2.2\jbr\bin\java.dll
0x00007ffcc1e50000 - 0x00007ffcc1e5b000 	C:\Program Files\JetBrains\IntelliJ IDEA 2020.2.2\jbr\bin\jimage.dll
0x00007ffcbf180000 - 0x00007ffcbf198000 	C:\Program Files\JetBrains\IntelliJ IDEA 2020.2.2\jbr\bin\zip.dll

dbghelp: loaded successfully - version: 4.0.5 - missing functions: none
symbol engine: initialized successfully - sym options: 0x614 - pdb path: .;C:\Program Files\JetBrains\IntelliJ IDEA 2020.2.2\jbr\bin;C:\WINDOWS\SYSTEM32;C:\WINDOWS\WinSxS\amd64_microsoft.windows.common-controls_6595b64144ccf1df_6.0.19041.1110_none_60b5254171f9507e;C:\Program Files\JetBrains\IntelliJ IDEA 2020.2.2\jbr\bin\server

VM Arguments:
java_command: org.jetbrains.git4idea.http.GitAskPassApp Username for 'https://github.com': 
java_class_path (initial): C:/Program Files/JetBrains/IntelliJ IDEA 2020.2.2/plugins/git4idea/lib/git4idea-rt.jar;C:/Program Files/JetBrains/IntelliJ IDEA 2020.2.2/lib/xmlrpc-2.0.1.jar;C:/Program Files/JetBrains/IntelliJ IDEA 2020.2.2/lib/commons-codec-1.14.jar
Launcher Type: SUN_STANDARD

[Global flags]
     intx CICompilerCount                          = 4                                         {product} {ergonomic}
     uint ConcGCThreads                            = 2                                         {product} {ergonomic}
     uint G1ConcRefinementThreads                  = 8                                         {product} {ergonomic}
   size_t G1HeapRegionSize                         = 1048576                                   {product} {ergonomic}
    uintx GCDrainStackTargetSize                   = 64                                        {product} {ergonomic}
   size_t InitialHeapSize                          = 134217728                                 {product} {ergonomic}
   size_t MarkStackSize                            = 4194304                                   {product} {ergonomic}
   size_t MaxHeapSize                              = 2116026368                                {product} {ergonomic}
   size_t MinHeapDeltaBytes                        = 1048576                                   {product} {ergonomic}
    uintx NonNMethodCodeHeapSize                   = 5836300                                {pd product} {ergonomic}
    uintx NonProfiledCodeHeapSize                  = 122910970                              {pd product} {ergonomic}
    uintx ProfiledCodeHeapSize                     = 122910970                              {pd product} {ergonomic}
    uintx ReservedCodeCacheSize                    = 251658240                              {pd product} {ergonomic}
     bool SegmentedCodeCache                       = true                                      {product} {ergonomic}
     bool UseCompressedClassPointers               = true                                 {lp64_product} {ergonomic}
     bool UseCompressedOops                        = true                                 {lp64_product} {ergonomic}
     bool UseG1GC                                  = true                                      {product} {ergonomic}
     bool UseLargePagesIndividualAllocation        = false                                  {pd product} {ergonomic}

Logging:
Log output configuration:
 #0: stdout all=warning uptime,level,tags
 #1: stderr all=off uptime,level,tags

Environment Variables:
JAVA_HOME=C:\Program Files\Java\jdk-13
PATH=C:\Program Files\Git\mingw64\libexec\git-core;C:\Program Files\Git\mingw64\libexec\git-core;C:\Program Files\Git\mingw64\bin;C:\Program Files\Git\usr\bin;C:\Users\ilzira\bin;C:\Program Files (x86)\VMware\VMware Player\bin;C:\ProgramData\Oracle\Java\javapath;C:\Program Files\Microsoft MPI\Bin;C:\Program Files (x86)\Common Files\Oracle\Java\javapath;C:\Program Files (x86)\Python38-32\Scripts;C:\Program Files (x86)\Python38-32;api-ms-win-core-console-l1-1-0.dll;C:\Program Files\Git\cmd;C:\WINDOWS\system32;C:\WINDOWS;C:\WINDOWS\System32\Wbem;C:\WINDOWS\System32\WindowsPowerShell\v1.0;C:\WINDOWS\System32\OpenSSH;%M2_HOME%\bin;%JAVA_HOME%;C:\Program Files (x86)\php 7.4.14;C:\composer;C:\Users\ilzira\AppData\Roaming\nvm;C:\Program Files\nodejs;C:\Program Files (x86)\Yarn\bin;C:\Program Files (x86)\DevSync;C:\Program Files\dotnet;C:\Program Files (x86)\arcanist\arcanist-master;C:\Program Files (x86)\arcanist\arcanist-master\bin;C:\Program Files\Symfony;C:\Users\ilzira\Desktop\1010\maven\apache-maven-3.6.3;C:\Program Files\MySQL\MySQL Shell 8.0\bin;C:\Users\ilzira\.poetry\bin;C:\Users\ilzira\anaconda3;C:\Users\ilzira\anaconda3\Library\mingw-w64\bin;C:\Users\ilzira\anaconda3\Library\usr\bin;C:\Users\ilzira\anaconda3\Library\bin;C:\Users\ilzira\anaconda3\Scripts;C:\Program Files\Java\jdk-13\bin;C:\Users\ilzira\AppData\Local\Microsoft\WindowsApps;C:\Users\ilzira\Desktop\1010\maven\apache-maven-3.6.3\bin;C:\Program Files\Java\jdk-13;C:\Users\ilzira\AppData\Roaming\npm;C:\Users\ilzira\AppData\Local\Programs\Microsoft VS Code\bin;C:\Program Files\JetBrains\IntelliJ IDEA 2020.2.2\bin;C:\Users\ilzira\AppData\Roaming\Composer\vendor\bin;C:\Users\ilzira\AppData\Roaming\nvm;C:\Program Files\nodejs;C:\Users\ilzira\AppData\Local\Yarn\bin;C:\Program Files\JetBrains\PyCharm 2020.3.3\bin;C:\Program Files (x86)\Python38-32;C:\Program Files (x86)\Python38-32\Scripts;C:\Users\ilzira\.dotnet\tools
USERNAME=ilzira
DISPLAY=:0.0
LC_ALL=en_US.UTF-8
OS=Windows_NT
PROCESSOR_IDENTIFIER=Intel64 Family 6 Model 142 Stepping 10, GenuineIntel



---------------  S Y S T E M  ---------------

OS: Windows 10 , 64 bit Build 19041 (10.0.19041.1566)
OS uptime: 2 days 3:49 hours

CPU:total 8 (initial active 8) (4 cores per cpu, 2 threads per core) family 6 model 142 stepping 10, cmov, cx8, fxsr, mmx, sse, sse2, sse3, ssse3, sse4.1, sse4.2, popcnt, avx, avx2, aes, clmul, erms, 3dnowpref, lzcnt, ht, tsc, tscinvbit, bmi1, bmi2, adx, fma

Memory: 4k page, system-wide physical 8070M (1019M free)
TotalPageFile size 15223M (AvailPageFile size 61M)
current process WorkingSet (physical memory assigned to process): 10M, peak: 10M
current process commit charge ("private bytes"): 60M, peak: 187M

vm_info: OpenJDK 64-Bit Server VM (11.0.8+10-b944.31) for windows-amd64 JRE (11.0.8+10-b944.31), built on Aug  6 2020 12:27:04 by "" with MS VC++ 14.0 (VS2015)

END.
